c:\users\stewart\desktop\c++\c_game\textquest\textquest\debug\vc120.pdb
c:\users\stewart\desktop\c++\c_game\textquest\textquest\debug\vc120.idb
c:\users\stewart\desktop\c++\c_game\textquest\textquest\debug\character.obj
c:\users\stewart\desktop\c++\c_game\textquest\textquest\debug\dragon.obj
c:\users\stewart\desktop\c++\c_game\textquest\textquest\debug\enemy.obj
c:\users\stewart\desktop\c++\c_game\textquest\textquest\debug\enemyfactory.obj
c:\users\stewart\desktop\c++\c_game\textquest\textquest\debug\event.obj
c:\users\stewart\desktop\c++\c_game\textquest\textquest\debug\giantspider.obj
c:\users\stewart\desktop\c++\c_game\textquest\textquest\debug\orc.obj
c:\users\stewart\desktop\c++\c_game\textquest\textquest\debug\vocation.obj
c:\users\stewart\desktop\c++\c_game\textquest\textquest\debug\game.obj
c:\users\stewart\desktop\c++\c_game\textquest\textquest\debug\item.obj
c:\users\stewart\desktop\c++\c_game\textquest\textquest\debug\player.obj
c:\users\stewart\desktop\c++\c_game\textquest\textquest\debug\potion.obj
c:\users\stewart\desktop\c++\c_game\textquest\textquest\debug\room.obj
c:\users\stewart\desktop\c++\c_game\textquest\textquest\debug\testmain.obj
c:\users\stewart\desktop\c++\c_game\textquest\debug\textquest.ilk
c:\users\stewart\desktop\c++\c_game\textquest\debug\textquest.exe
c:\users\stewart\desktop\c++\c_game\textquest\debug\textquest.pdb
c:\users\stewart\desktop\c++\c_game\textquest\textquest\debug\textquest.tlog\cl.command.1.tlog
c:\users\stewart\desktop\c++\c_game\textquest\textquest\debug\textquest.tlog\cl.read.1.tlog
c:\users\stewart\desktop\c++\c_game\textquest\textquest\debug\textquest.tlog\cl.write.1.tlog
c:\users\stewart\desktop\c++\c_game\textquest\textquest\debug\textquest.tlog\link.command.1.tlog
c:\users\stewart\desktop\c++\c_game\textquest\textquest\debug\textquest.tlog\link.read.1.tlog
c:\users\stewart\desktop\c++\c_game\textquest\textquest\debug\textquest.tlog\link.write.1.tlog
